# JRE version: OpenJDK Runtime Environment (8.0_242-b01) (build 1.8.0_242-release-1644-b01)
# Java VM: OpenJDK 64-Bit Server VM (25.242-b01 mixed mode windows-amd64 compressed oops)
Heap:
 PSYoungGen      total 133632K, used 120895K [0x00000000d5580000, 0x00000000de180000, 0x0000000100000000)
  eden space 124928K, 96% used [0x00000000d5580000,0x00000000dcb8fc98,0x00000000dcf80000)
  from space 8704K, 0% used [0x00000000dd900000,0x00000000dd900000,0x00000000de180000)
  to   space 9216K, 0% used [0x00000000dcf80000,0x00000000dcf80000,0x00000000dd880000)
 ParOldGen       total 32256K, used 7268K [0x0000000080000000, 0x0000000081f80000, 0x00000000d5580000)
  object space 32256K, 22% used [0x0000000080000000,0x00000000807190a0,0x0000000081f80000)
 Metaspace       used 32717K, capacity 33758K, committed 33968K, reserved 1079296K
  class space    used 4447K, capacity 4716K, committed 4784K, reserved 1048576K
GC Heap History (10 events):
Event: 9.599 GC heap before
{Heap before GC invocations=5 (full 0):
 PSYoungGen      total 34304K, used 34288K [0x00000000d5580000, 0x00000000d7980000, 0x0000000100000000)
  eden space 31744K, 100% used [0x00000000d5580000,0x00000000d7480000,0x00000000d7480000)
  from space 2560K, 99% used [0x00000000d7700000,0x00000000d797c030,0x00000000d7980000)
  to   space 2560K, 0% used [0x00000000d7480000,0x00000000d7480000,0x00000000d7700000)
 ParOldGen       total 42496K, used 1407K [0x0000000080000000, 0x0000000082980000, 0x00000000d5580000)
  object space 42496K, 3% used [0x0000000080000000,0x000000008015fea0,0x0000000082980000)
 Metaspace       used 11241K, capacity 11594K, committed 11904K, reserved 1058816K
  class space    used 1487K, capacity 1607K, committed 1664K, reserved 1048576K
Event: 9.643 GC heap after
Heap after GC invocations=5 (full 0):
 PSYoungGen      total 34304K, used 2544K [0x00000000d5580000, 0x00000000d9e80000, 0x0000000100000000)
  eden space 31744K, 0% used [0x00000000d5580000,0x00000000d5580000,0x00000000d7480000)
  from space 2560K, 99% used [0x00000000d7480000,0x00000000d76fc010,0x00000000d7700000)
  to   space 5632K, 0% used [0x00000000d9900000,0x00000000d9900000,0x00000000d9e80000)
 ParOldGen       total 42496K, used 4501K [0x0000000080000000, 0x0000000082980000, 0x00000000d5580000)
  object space 42496K, 10% used [0x0000000080000000,0x0000000080465478,0x0000000082980000)
 Metaspace       used 11241K, capacity 11594K, committed 11904K, reserved 1058816K
  class space    used 1487K, capacity 1607K, committed 1664K, reserved 1048576K
}
Event: 11.475 GC heap before
{Heap before GC invocations=6 (full 0):
 PSYoungGen      total 34304K, used 34288K [0x00000000d5580000, 0x00000000d9e80000, 0x0000000100000000)
  eden space 31744K, 100% used [0x00000000d5580000,0x00000000d7480000,0x00000000d7480000)
  from space 2560K, 99% used [0x00000000d7480000,0x00000000d76fc010,0x00000000d7700000)
  to   space 5632K, 0% used [0x00000000d9900000,0x00000000d9900000,0x00000000d9e80000)
 ParOldGen       total 42496K, used 4501K [0x0000000080000000, 0x0000000082980000, 0x00000000d5580000)
  object space 42496K, 10% used [0x0000000080000000,0x0000000080465478,0x0000000082980000)
 Metaspace       used 14336K, capacity 14800K, committed 14976K, reserved 1062912K
  class space    used 1963K, capacity 2120K, committed 2176K, reserved 1048576K
Event: 11.488 GC heap after
Heap after GC invocations=6 (full 0):
 PSYoungGen      total 68096K, used 5621K [0x00000000d5580000, 0x00000000da080000, 0x0000000100000000)
  eden space 62464K, 0% used [0x00000000d5580000,0x00000000d5580000,0x00000000d9280000)
  from space 5632K, 99% used [0x00000000d9900000,0x00000000d9e7d7a8,0x00000000d9e80000)
  to   space 6656K, 0% used [0x00000000d9280000,0x00000000d9280000,0x00000000d9900000)
 ParOldGen       total 42496K, used 4799K [0x0000000080000000, 0x0000000082980000, 0x00000000d5580000)
  object space 42496K, 11% used [0x0000000080000000,0x00000000804afe88,0x0000000082980000)
 Metaspace       used 14336K, capacity 14800K, committed 14976K, reserved 1062912K
  class space    used 1963K, capacity 2120K, committed 2176K, reserved 1048576K
}
Event: 15.845 GC heap before
{Heap before GC invocations=7 (full 0):
 PSYoungGen      total 68096K, used 68085K [0x00000000d5580000, 0x00000000da080000, 0x0000000100000000)
  eden space 62464K, 100% used [0x00000000d5580000,0x00000000d9280000,0x00000000d9280000)
  from space 5632K, 99% used [0x00000000d9900000,0x00000000d9e7d7a8,0x00000000d9e80000)
  to   space 6656K, 0% used [0x00000000d9280000,0x00000000d9280000,0x00000000d9900000)
 ParOldGen       total 42496K, used 4799K [0x0000000080000000, 0x0000000082980000, 0x00000000d5580000)
  object space 42496K, 11% used [0x0000000080000000,0x00000000804afe88,0x0000000082980000)
 Metaspace       used 19936K, capacity 20638K, committed 20992K, reserved 1067008K
  class space    used 2765K, capacity 2945K, committed 3072K, reserved 1048576K
Event: 15.904 GC heap after
Heap after GC invocations=7 (full 0):
 PSYoungGen      total 69120K, used 6648K [0x00000000d5580000, 0x00000000de280000, 0x0000000100000000)
  eden space 62464K, 0% used [0x00000000d5580000,0x00000000d5580000,0x00000000d9280000)
  from space 6656K, 99% used [0x00000000d9280000,0x00000000d98fe020,0x00000000d9900000)
  to   space 9728K, 0% used [0x00000000dd900000,0x00000000dd900000,0x00000000de280000)
 ParOldGen       total 42496K, used 8236K [0x0000000080000000, 0x0000000082980000, 0x00000000d5580000)
  object space 42496K, 19% used [0x0000000080000000,0x000000008080b218,0x0000000082980000)
 Metaspace       used 19936K, capacity 20638K, committed 20992K, reserved 1067008K
  class space    used 2765K, capacity 2945K, committed 3072K, reserved 1048576K
}
Event: 16.276 GC heap before
{Heap before GC invocations=8 (full 0):
 PSYoungGen      total 69120K, used 18189K [0x00000000d5580000, 0x00000000de280000, 0x0000000100000000)
  eden space 62464K, 18% used [0x00000000d5580000,0x00000000d60c5640,0x00000000d9280000)
  from space 6656K, 99% used [0x00000000d9280000,0x00000000d98fe020,0x00000000d9900000)
  to   space 9728K, 0% used [0x00000000dd900000,0x00000000dd900000,0x00000000de280000)
 ParOldGen       total 42496K, used 8236K [0x0000000080000000, 0x0000000082980000, 0x00000000d5580000)
  object space 42496K, 19% used [0x0000000080000000,0x000000008080b218,0x0000000082980000)
 Metaspace       used 20605K, capacity 21224K, committed 21296K, reserved 1067008K
  class space    used 2873K, capacity 3076K, committed 3120K, reserved 1048576K
Event: 16.294 GC heap after
Heap after GC invocations=8 (full 0):
 PSYoungGen      total 133632K, used 4338K [0x00000000d5580000, 0x00000000de180000, 0x0000000100000000)
  eden space 124928K, 0% used [0x00000000d5580000,0x00000000d5580000,0x00000000dcf80000)
  from space 8704K, 49% used [0x00000000dd900000,0x00000000ddd3c888,0x00000000de180000)
  to   space 9216K, 0% used [0x00000000dcf80000,0x00000000dcf80000,0x00000000dd880000)
 ParOldGen       total 42496K, used 8860K [0x0000000080000000, 0x0000000082980000, 0x00000000d5580000)
  object space 42496K, 20% used [0x0000000080000000,0x00000000808a7218,0x0000000082980000)
 Metaspace       used 20605K, capacity 21224K, committed 21296K, reserved 1067008K
  class space    used 2873K, capacity 3076K, committed 3120K, reserved 1048576K
}
Event: 16.295 GC heap before
{Heap before GC invocations=9 (full 1):
 PSYoungGen      total 133632K, used 4338K [0x00000000d5580000, 0x00000000de180000, 0x0000000100000000)
  eden space 124928K, 0% used [0x00000000d5580000,0x00000000d5580000,0x00000000dcf80000)
  from space 8704K, 49% used [0x00000000dd900000,0x00000000ddd3c888,0x00000000de180000)
  to   space 9216K, 0% used [0x00000000dcf80000,0x00000000dcf80000,0x00000000dd880000)
 ParOldGen       total 42496K, used 8860K [0x0000000080000000, 0x0000000082980000, 0x00000000d5580000)
  object space 42496K, 20% used [0x0000000080000000,0x00000000808a7218,0x0000000082980000)
 Metaspace       used 20605K, capacity 21224K, committed 21296K, reserved 1067008K
  class space    used 2873K, capacity 3076K, committed 3120K, reserved 1048576K
Event: 16.474 GC heap after
Heap after GC invocations=9 (full 1):
 PSYoungGen      total 133632K, used 0K [0x00000000d5580000, 0x00000000de180000, 0x0000000100000000)
  eden space 124928K, 0% used [0x00000000d5580000,0x00000000d5580000,0x00000000dcf80000)
  from space 8704K, 0% used [0x00000000dd900000,0x00000000dd900000,0x00000000de180000)
  to   space 9216K, 0% used [0x00000000dcf80000,0x00000000dcf80000,0x00000000dd880000)
 ParOldGen       total 32256K, used 7268K [0x0000000080000000, 0x0000000081f80000, 0x00000000d5580000)
  object space 32256K, 22% used [0x0000000080000000,0x00000000807190a0,0x0000000081f80000)
 Metaspace       used 20605K, capacity 21224K, committed 21296K, reserved 1067008K
  class space    used 2873K, capacity 3076K, committed 3120K, reserved 1048576K
}

